<?xml version="1.0" encoding="UTF-8"?>
<testsuite name="TestSuite" time="2,361.506" tests="16" errors="0" skipped="0" failures="1">
  <properties>
[...]
</properties>
  <testcase name="changeVersion" classname="Test10ChangeVersion" time="234.416"/>
  <testcase name="deleteItemInDirectory" classname="Test11DeleteItem" time="188.067"/>
  <testcase name="search" classname="Test12Search" time="7.925"/>
  <testcase name="createComplexDirectory" classname="Test13CreateComplexDirectory" time="121.188"/>
  <testcase name="editComplexDirectory" classname="Test14EditComplexDirectory" time="276.376"/>
  <testcase name="importDirectory" classname="Test15ImportDirectory" time="143.575"/>
  <testcase name="createDirectory" classname="Test16ValidationFields" time="118.62"/>
  <testcase name="createGroup" classname="Test1CreatingGroup" time="61.221"/>
  <testcase name="editGroup" classname="Test2EditGroup" time="116.944"/>
  <testcase name="deleteGroup" classname="Test3DeleteGroup" time="65.714"/>
  <testcase name="createDirectory" classname="Test4CreationDirectory" time="109.932"/>
  <testcase name="editDirectory" classname="Test5EditDirectory" time="168.775"/>
  <testcase name="deleteDirectory" classname="Test6DeleteDirectory" time="157.325">
    <failure message="Element should be hidden {.gost-loading-overlay}&#10;Element: &apos;&lt;div class=&quot;gost-loading-overlay&quot; data-reactid=&quot;.0.2&quot;&gt;Загрузка&lt;/div&gt;&apos;" type="com.codeborne.selenide.ex.ElementShould"><![CDATA[com.codeborne.selenide.ex.ElementShould: Element should be hidden {.gost-loading-overlay}
Element: '<div class="gost-loading-overlay" data-reactid=".0.2">Загрузка</div>'
	at com.codeborne.selenide.impl.AbstractSelenideElement.checkCondition(AbstractSelenideElement.java:512)
	at com.codeborne.selenide.impl.AbstractSelenideElement.should(AbstractSelenideElement.java:476)
	at com.codeborne.selenide.impl.AbstractSelenideElement.invokeShould(AbstractSelenideElement.java:299)
	at com.codeborne.selenide.impl.AbstractSelenideElement.dispatchSelenideMethod(AbstractSelenideElement.java:176)
	at com.codeborne.selenide.impl.AbstractSelenideElement.dispatchAndRetry(AbstractSelenideElement.java:92)
	at com.codeborne.selenide.impl.AbstractSelenideElement.invoke(AbstractSelenideElement.java:67)
	at com.codeborne.selenide.impl.WaitingSelenideElement.invoke(WaitingSelenideElement.java:18)
	at com.sun.proxy.$Proxy5.waitUntil(Unknown Source)
	at Base.PageBase.waitUntilLoading(PageBase.java:27)
	at Pages.MainPage.clickButtonDelete(MainPage.java:124)
	at Test6DeleteDirectory.deleteDirectory(Test6DeleteDirectory.java:87)
]]></failure>
    <system-err><![CDATA[авг 20, 2015 3:49:49 PM com.codeborne.selenide.impl.WebDriverThreadLocalContainer closeWebDriver
INFO: Close webdriver: 1 -> FirefoxDriver: firefox on WINDOWS (c77b044b-63c9-41fe-928d-20b7b788a708)
авг 20, 2015 3:49:50 PM com.codeborne.selenide.impl.WebDriverThreadLocalContainer closeWebDriver
INFO: Closed webdriver in 469 ms
авг 20, 2015 3:49:53 PM com.codeborne.selenide.impl.WebDriverThreadLocalContainer createDriver
INFO: Create webdriver in current thread 1: firefox -> FirefoxDriver: firefox on WINDOWS (b4951a62-fd9c-4195-9d26-c9f42d9ad9ed)
]]></system-err>
  </testcase>
  <testcase name="addNewItemInDirectory" classname="Test7NewItemInDirectory" time="161.58"/>
  <testcase name="countOfDisplayedItems" classname="Test8CountOfDisplayedItemsOnPage" time="217.004"/>
  <testcase name="addVersionOfItem" classname="Test9AddVersionOfItem" time="212.844"/>
</testsuite>