<?xml version="1.0" encoding="UTF-8"?>
<!-- Generated by org.testng.reporters.JUnitXMLReporter -->
<testsuite hostname="Anders" tests="16" failures="1" timestamp="20 Aug 2015 13:02:39 GMT" time="2456.444" errors="0">
  <testcase name="changeVersion" time="234.422" classname="Test10ChangeVersion"/>
  <testcase name="deleteItemInDirectory" time="188.063" classname="Test11DeleteItem"/>
  <testcase name="search" time="7.923" classname="Test12Search"/>
  <testcase name="createComplexDirectory" time="121.188" classname="Test13CreateComplexDirectory"/>
  <testcase name="editComplexDirectory" time="276.376" classname="Test14EditComplexDirectory"/>
  <testcase name="importDirectory" time="143.575" classname="Test15ImportDirectory"/>
  <testcase name="createDirectory" time="118.62" classname="Test16ValidationFields"/>
  <testcase name="createGroup" time="61.221" classname="Test1CreatingGroup"/>
  <testcase name="editGroup" time="116.943" classname="Test2EditGroup"/>
  <testcase name="deleteGroup" time="65.714" classname="Test3DeleteGroup"/>
  <testcase name="createDirectory" time="109.932" classname="Test4CreationDirectory"/>
  <testcase name="editDirectory" time="168.774" classname="Test5EditDirectory"/>
  <testcase name="deleteDirectory" time="156.884" classname="Test6DeleteDirectory">
    <failure type="com.codeborne.selenide.ex.ElementShould" message="Element should be hidden {.gost-loading-overlay}
Element: &amp;apos;&amp;lt;div class=&amp;quot;gost-loading-overlay&amp;quot; data-reactid=&amp;quot;.0.2&amp;quot;&amp;gt;Загрузка&amp;lt;/div&amp;gt;&amp;apos;">
      <![CDATA[Element should be hidden {.gost-loading-overlay}
Element: '<div class="gost-loading-overlay" data-reactid=".0.2">Загрузка</div>'
Screenshot: file:/C:/Users/John/IdeaProjects/Gis-Tek/build/reports/tests/1440075151588.0.png
Timeout: 45 s.
	at com.codeborne.selenide.impl.AbstractSelenideElement.checkCondition(AbstractSelenideElement.java:512)
	at com.codeborne.selenide.impl.AbstractSelenideElement.should(AbstractSelenideElement.java:476)
	at com.codeborne.selenide.impl.AbstractSelenideElement.invokeShould(AbstractSelenideElement.java:299)
	at com.codeborne.selenide.impl.AbstractSelenideElement.dispatchSelenideMethod(AbstractSelenideElement.java:176)
	at com.codeborne.selenide.impl.AbstractSelenideElement.dispatchAndRetry(AbstractSelenideElement.java:92)
	at com.codeborne.selenide.impl.AbstractSelenideElement.invoke(AbstractSelenideElement.java:67)
	at com.codeborne.selenide.impl.WaitingSelenideElement.invoke(WaitingSelenideElement.java:18)
	at com.sun.proxy.$Proxy5.waitUntil(Unknown Source)
	at Base.PageBase.waitUntilLoading(PageBase.java:27)
	at Pages.MainPage.clickButtonDelete(MainPage.java:124)
	at Test6DeleteDirectory.deleteDirectory(Test6DeleteDirectory.java:87)
... Removed 28 stack frames]]>
    </failure>
  </testcase> <!-- deleteDirectory -->
  <testcase name="addNewItemInDirectory" time="161.579" classname="Test7NewItemInDirectory"/>
  <testcase name="countOfDisplayedItems" time="217.004" classname="Test8CountOfDisplayedItemsOnPage"/>
  <testcase name="addVersionOfItem" time="212.843" classname="Test9AddVersionOfItem"/>
</testsuite>
